#
# There is insufficient memory for the Java Runtime Environment to continue.
# Native memory allocation (mmap) failed to map 100663296 bytes for G1 virtual space
# Possible reasons:
#   The system is out of physical RAM or swap space
#   The process is running with CompressedOops enabled, and the Java Heap may be blocking the growth of the native heap
# Possible solutions:
#   Reduce memory load on the system
#   Increase physical memory or swap space
#   Check if swap backing store is full
#   Decrease Java heap size (-Xmx/-Xms)
#   Decrease number of Java threads
#   Decrease Java thread stack sizes (-Xss)
#   Set larger code cache with -XX:ReservedCodeCacheSize=
#   JVM is running with Unscaled Compressed Oops mode in which the Java heap is
#     placed in the first 4GB address space. The Java Heap base address is the
#     maximum limit for the native heap growth. Please use -XX:HeapBaseMinAddress
#     to set the Java Heap base and to place the Java Heap above 4GB virtual address.
# This output file may be truncated or incomplete.
#
#  Out of Memory Error (os_windows.cpp:3550), pid=7856, tid=1584
#
# JRE version:  (17.0.8+9) (build )
# Java VM: Java HotSpot(TM) 64-Bit Server VM (17.0.8+9-LTS-211, mixed mode, emulated-client, sharing, tiered, compressed oops, compressed class ptrs, g1 gc, windows-amd64)
# No core dump will be written. Minidumps are not enabled by default on client versions of Windows
#

---------------  S U M M A R Y ------------

Command Line: -XX:TieredStopAtLevel=1 -Dspring.output.ansi.enabled=always -Dcom.sun.management.jmxremote -Dspring.jmx.enabled=true -Dspring.liveBeansView.mbeanDomain -Dspring.application.admin.enabled=true -Dmanagement.endpoints.jmx.exposure.include=* -javaagent:C:\Program Files\JetBrains\IntelliJ IDEA 2023.2.3\lib\idea_rt.jar=52672:C:\Program Files\JetBrains\IntelliJ IDEA 2023.2.3\bin -Dfile.encoding=UTF-8 az.grow.lab.springboot.springbootdemo.SpringBootDemoApplication

Host: Intel(R) Core(TM) i5-3317U CPU @ 1.70GHz, 4 cores, 5G,  Windows 10 , 64 bit Build 19041 (10.0.19041.3570)
Time: Sun Oct 29 19:50:02 2023 Azerbaijan Standard Time elapsed time: 0.024497 seconds (0d 0h 0m 0s)

---------------  T H R E A D  ---------------

Current thread (0x000002b2900d06d0):  JavaThread "Unknown thread" [_thread_in_vm, id=1584, stack(0x000000bffc300000,0x000000bffc400000)]

Stack: [0x000000bffc300000,0x000000bffc400000]
Native frames: (J=compiled Java code, j=interpreted, Vv=VM code, C=native code)
V  [jvm.dll+0x677d0a]
V  [jvm.dll+0x7d8c54]
V  [jvm.dll+0x7da3fe]
V  [jvm.dll+0x7daa63]
V  [jvm.dll+0x245c5f]
V  [jvm.dll+0x674bb9]
V  [jvm.dll+0x6694f2]
V  [jvm.dll+0x3031d6]
V  [jvm.dll+0x30a756]
V  [jvm.dll+0x359f9e]
V  [jvm.dll+0x35a1cf]
V  [jvm.dll+0x2da3e8]
V  [jvm.dll+0x2db354]
V  [jvm.dll+0x7aa711]
V  [jvm.dll+0x367b51]
V  [jvm.dll+0x789979]
V  [jvm.dll+0x3eb05f]
V  [jvm.dll+0x3ecae1]
C  [jli.dll+0x5297]
C  [ucrtbase.dll+0x21bb2]
C  [KERNEL32.DLL+0x17344]
C  [ntdll.dll+0x526b1]


---------------  P R O C E S S  ---------------

Threads class SMR info:
_java_thread_list=0x00007ffc753b59d8, length=0, elements={
}

Java Threads: ( => current thread )

Other Threads:
  0x000002b29011c400 GCTaskThread "GC Thread#0" [stack: 0x000000bffc400000,0x000000bffc500000] [id=10544]
  0x000002b290126060 ConcurrentGCThread "G1 Main Marker" [stack: 0x000000bffc500000,0x000000bffc600000] [id=7688]
  0x000002b290126a70 ConcurrentGCThread "G1 Conc#0" [stack: 0x000000bffc600000,0x000000bffc700000] [id=7832]

[error occurred during error reporting (printing all threads), id 0xc0000005, EXCEPTION_ACCESS_VIOLATION (0xc0000005) at pc=0x00007ffc74beb047]

VM state: not at safepoint (not fully initialized)

VM Mutex/Monitor currently owned by a thread:  ([mutex/lock_event])
[0x000002b2900cb6a0] Heap_lock - owner thread: 0x000002b2900d06d0

Heap address: 0x00000000a1e00000, size: 1506 MB, Compressed Oops mode: 32-bit

CDS archive(s) mapped at: [0x0000000000000000-0x0000000000000000-0x0000000000000000), size 0, SharedBaseAddress: 0x0000000800000000, ArchiveRelocationMode: 1.
Narrow klass base: 0x0000000000000000, Narrow klass shift: 0, Narrow klass range: 0x0

GC Precious Log:
<Empty>

Heap:
 garbage-first heap   total 0K, used 0K [0x00000000a1e00000, 0x0000000100000000)
  region size 1024K, 0 young (0K), 0 survivors (0K)

[error occurred during error reporting (printing heap information), id 0xc0000005, EXCEPTION_ACCESS_VIOLATION (0xc0000005) at pc=0x00007ffc74fd1499]

GC Heap History (0 events):
No events

Deoptimization events (0 events):
No events

Classes unloaded (0 events):
No events

Classes redefined (0 events):
No events

Internal exceptions (0 events):
No events

VM Operations (0 events):
No events

Events (1 events):
Event: 0.016 Loaded shared library C:\Program Files\Java\jdk-17\bin\java.dll


Dynamic libraries:
0x00007ff645780000 - 0x00007ff645790000 	C:\Program Files\Java\jdk-17\bin\java.exe
0x00007ffcd1810000 - 0x00007ffcd1a07000 	C:\Windows\SYSTEM32\ntdll.dll
0x00007ffccfc00000 - 0x00007ffccfcbd000 	C:\Windows\System32\KERNEL32.DLL
0x00007ffccf0d0000 - 0x00007ffccf3c6000 	C:\Windows\System32\KERNELBASE.dll
0x00007ffccc6e0000 - 0x00007ffccc770000 	C:\Windows\SYSTEM32\apphelp.dll
0x00007ffccf560000 - 0x00007ffccf660000 	C:\Windows\System32\ucrtbase.dll
0x00007ffcb8420000 - 0x00007ffcb843b000 	C:\Program Files\Java\jdk-17\bin\VCRUNTIME140.dll
0x00007ffcbdfb0000 - 0x00007ffcbdfc9000 	C:\Program Files\Java\jdk-17\bin\jli.dll
0x00007ffccfb50000 - 0x00007ffccfbfe000 	C:\Windows\System32\ADVAPI32.dll
0x00007ffccfab0000 - 0x00007ffccfb4e000 	C:\Windows\System32\msvcrt.dll
0x00007ffcd04b0000 - 0x00007ffcd054c000 	C:\Windows\System32\sechost.dll
0x00007ffcd11e0000 - 0x00007ffcd1306000 	C:\Windows\System32\RPCRT4.dll
0x00007ffcd0550000 - 0x00007ffcd06ee000 	C:\Windows\System32\USER32.dll
0x00007ffccf000000 - 0x00007ffccf022000 	C:\Windows\System32\win32u.dll
0x00007ffccfcd0000 - 0x00007ffccfcfc000 	C:\Windows\System32\GDI32.dll
0x00007ffccf3d0000 - 0x00007ffccf4ea000 	C:\Windows\System32\gdi32full.dll
0x00007ffccf030000 - 0x00007ffccf0cd000 	C:\Windows\System32\msvcp_win.dll
0x00007ffcbe520000 - 0x00007ffcbe7ba000 	C:\Windows\WinSxS\amd64_microsoft.windows.common-controls_6595b64144ccf1df_6.0.19041.3570_none_60bb2a3971f3e41a\COMCTL32.dll
0x00007ffcca6f0000 - 0x00007ffcca6fa000 	C:\Windows\SYSTEM32\VERSION.dll
0x00007ffcd1740000 - 0x00007ffcd1770000 	C:\Windows\System32\IMM32.DLL
0x00007ffcc68b0000 - 0x00007ffcc68bc000 	C:\Program Files\Java\jdk-17\bin\vcruntime140_1.dll
0x00007ffcadbd0000 - 0x00007ffcadc5e000 	C:\Program Files\Java\jdk-17\bin\msvcp140.dll
0x00007ffc74900000 - 0x00007ffc754de000 	C:\Program Files\Java\jdk-17\bin\server\jvm.dll
0x00007ffccfcc0000 - 0x00007ffccfcc8000 	C:\Windows\System32\PSAPI.DLL
0x00007ffcc73f0000 - 0x00007ffcc73f9000 	C:\Windows\SYSTEM32\WSOCK32.dll
0x00007ffcbb5c0000 - 0x00007ffcbb5e7000 	C:\Windows\SYSTEM32\WINMM.dll
0x00007ffcd0e40000 - 0x00007ffcd0eab000 	C:\Windows\System32\WS2_32.dll
0x00007ffcccd90000 - 0x00007ffcccda2000 	C:\Windows\SYSTEM32\kernel.appcore.dll
0x00007ffcc0be0000 - 0x00007ffcc0bea000 	C:\Program Files\Java\jdk-17\bin\jimage.dll
0x00007ffcc33d0000 - 0x00007ffcc35b4000 	C:\Windows\SYSTEM32\DBGHELP.DLL
0x00007ffcbff80000 - 0x00007ffcbffb4000 	C:\Windows\SYSTEM32\dbgcore.DLL
0x00007ffcceef0000 - 0x00007ffccef72000 	C:\Windows\System32\bcryptPrimitives.dll
0x00007ffccc4d0000 - 0x00007ffccc4de000 	C:\Program Files\Java\jdk-17\bin\instrument.dll
0x00007ffcb0d40000 - 0x00007ffcb0d65000 	C:\Program Files\Java\jdk-17\bin\java.dll

dbghelp: loaded successfully - version: 4.0.5 - missing functions: none
symbol engine: initialized successfully - sym options: 0x614 - pdb path: .;C:\Program Files\Java\jdk-17\bin;C:\Windows\SYSTEM32;C:\Windows\WinSxS\amd64_microsoft.windows.common-controls_6595b64144ccf1df_6.0.19041.3570_none_60bb2a3971f3e41a;C:\Program Files\Java\jdk-17\bin\server

VM Arguments:
jvm_args: -XX:TieredStopAtLevel=1 -Dspring.output.ansi.enabled=always -Dcom.sun.management.jmxremote -Dspring.jmx.enabled=true -Dspring.liveBeansView.mbeanDomain -Dspring.application.admin.enabled=true -Dmanagement.endpoints.jmx.exposure.include=* -javaagent:C:\Program Files\JetBrains\IntelliJ IDEA 2023.2.3\lib\idea_rt.jar=52672:C:\Program Files\JetBrains\IntelliJ IDEA 2023.2.3\bin -Dfile.encoding=UTF-8 
java_command: az.grow.lab.springboot.springbootdemo.SpringBootDemoApplication
java_class_path (initial): C:\Users\PC\IdeaProjects\SpringBootDemo\build\classes\java\main;C:\Users\PC\IdeaProjects\SpringBootDemo\build\resources\main;C:\Users\PC\.gradle\caches\modules-2\files-2.1\org.projectlombok\lombok\1.18.30\f195ee86e6c896ea47a1d39defbe20eb59cd149d\lombok-1.18.30.jar;C:\Users\PC\.gradle\caches\modules-2\files-2.1\org.springframework.boot\spring-boot-starter-web\2.7.16\f6e4e226b0c9c1cf36c17c04262c702c6a0bad99\spring-boot-starter-web-2.7.16.jar;C:\Users\PC\.gradle\caches\modules-2\files-2.1\org.springframework.boot\spring-boot-starter\2.7.16\f80dbc197a703fbeb1a932a9a57a20d318ea475\spring-boot-starter-2.7.16.jar;C:\Users\PC\.gradle\caches\modules-2\files-2.1\org.springdoc\springdoc-openapi-ui\1.6.15\be2b096e2f5486e562e99cb7b78af4691d10655c\springdoc-openapi-ui-1.6.15.jar;C:\Users\PC\.gradle\caches\modules-2\files-2.1\org.modelmapper\modelmapper\3.1.1\6636e94590e9d98e5e7db7e4fafcc15e9390e18d\modelmapper-3.1.1.jar;C:\Users\PC\.gradle\caches\modules-2\files-2.1\org.springframework.boot\spring-boot-starter-json\2.7.16\c9eb703f57c75b92139f1e34092de4c34111f3fc\spring-boot-starter-json-2.7.16.jar;C:\Users\PC\.gradle\caches\modules-2\files-2.1\org.springframework.boot\spring-boot-starter-tomcat\2.7.16\a1a152bf27d592d98edcb1e9b9d57d881ed155d\spring-boot-starter-tomcat-2.7.16.jar;C:\Users\PC\.gradle\caches\modules-2\files-2.1\org.springframework\spring-webmvc\5.3.30\67ad9ebc6189c91942a52328f58d824cd3171fd9\spring-webmvc-5.3.30.jar;C:\Users\PC\.gradle\caches\modules-2\files-2.1\org.springframework\spring-web\5.3.30\e1a1fd179650d4ccbf95d3f475bf1050a1a84484\spring-web-5.3.30.jar;C:\Users\PC\.gradle\caches\modules-2\files-2.1\org.springframework.boot\spring-boot-autoconfigure\2.7.16\9aed25d721bada6273d7bb4bbd8b4280bd24a33f\spring-boot-autoconfigure-2.7.16.jar;C:\Users\PC\.gradle\caches\modules-2\files-2.1\org.springframework.boot\spring-boot\2.7.16\f4b3155ce7becb10a98dec761f227b5f727286f\spring-boot-2.7.16.jar;C:\Users\PC\.gradle\caches\modules-2\files-2.1\
Launcher Type: SUN_STANDARD

[Global flags]
     intx CICompilerCount                          = 3                                         {product} {ergonomic}
     uint ConcGCThreads                            = 1                                         {product} {ergonomic}
     uint G1ConcRefinementThreads                  = 4                                         {product} {ergonomic}
   size_t G1HeapRegionSize                         = 1048576                                   {product} {ergonomic}
    uintx GCDrainStackTargetSize                   = 64                                        {product} {ergonomic}
   size_t InitialHeapSize                          = 100663296                                 {product} {ergonomic}
     bool ManagementServer                         = true                                      {product} {command line}
   size_t MarkStackSize                            = 4194304                                   {product} {ergonomic}
   size_t MaxHeapSize                              = 1579155456                                {product} {ergonomic}
   size_t MinHeapDeltaBytes                        = 1048576                                   {product} {ergonomic}
   size_t MinHeapSize                              = 8388608                                   {product} {ergonomic}
    uintx NonProfiledCodeHeapSize                  = 0                                      {pd product} {ergonomic}
     bool ProfileInterpreter                       = false                                  {pd product} {command line}
    uintx ProfiledCodeHeapSize                     = 0                                      {pd product} {ergonomic}
   size_t SoftMaxHeapSize                          = 1579155456                             {manageable} {ergonomic}
     intx TieredStopAtLevel                        = 1                                         {product} {command line}
     bool UseCompressedClassPointers               = true                           {product lp64_product} {ergonomic}
     bool UseCompressedOops                        = true                           {product lp64_product} {ergonomic}
     bool UseG1GC                                  = true                                      {product} {ergonomic}
     bool UseLargePagesIndividualAllocation        = false                                  {pd product} {ergonomic}

Logging:
Log output configuration:
 #0: stdout all=warning uptime,level,tags
 #1: stderr all=off uptime,level,tags

Environment Variables:
PATH=C:\Program Files\Java\jdk-17\bin;C:\Program Files\Common Files\Oracle\Java\javapath;C:\Windows\system32;C:\Windows;C:\Windows\System32\Wbem;C:\Windows\System32\WindowsPowerShell\v1.0\;C:\Windows\System32\OpenSSH\;C:\Program Files\Git\cmd;C:\Program Files\Java\jdk-11\bin;C:\Program Files\Java\jdk-15.0.2\bin;C:\Program Files\Java\jdk-20\bin;C:\Program Files\MySQL\MySQL Shell 8.0\bin\;"C:\Users\PC\AppData\Local\Microsoft\WindowsApps;C:\Program Files (x86)\Inno Setup 6";C:\Program Files (x86)\Inno Setup 6;;C:\Program Files\JetBrains\IntelliJ IDEA Community Edition 2022.3.1\bin;;C:\Users\PC\AppData\Local\Programs\oh-my-posh\bin;C:\Program Files\JetBrains\DataGrip 2023.1.2\bin;;C:\Users\PC\AppData\Local\Programs\Microsoft VS Code\bin;C:\Program Files\JetBrains\IntelliJ IDEA 2023.2\bin;
USERNAME=PC
OS=Windows_NT
PROCESSOR_IDENTIFIER=Intel64 Family 6 Model 58 Stepping 9, GenuineIntel



---------------  S Y S T E M  ---------------

OS:
 Windows 10 , 64 bit Build 19041 (10.0.19041.3570)
OS uptime: 0 days 2:02 hours

CPU: total 4 (initial active 4) (2 cores per cpu, 2 threads per core) family 6 model 58 stepping 9 microcode 0x21, cx8, cmov, fxsr, ht, mmx, sse, sse2, sse3, ssse3, sse4.1, sse4.2, popcnt, tsc, tscinvbit, avx, aes, erms, clmul, vzeroupper, clflush

Memory: 4k page, system-wide physical 6019M (740M free)
TotalPageFile size 8067M (AvailPageFile size 36M)
current process WorkingSet (physical memory assigned to process): 11M, peak: 11M
current process commit charge ("private bytes"): 46M, peak: 142M

vm_info: Java HotSpot(TM) 64-Bit Server VM (17.0.8+9-LTS-211) for windows-amd64 JRE (17.0.8+9-LTS-211), built on Jun 14 2023 10:34:31 by "mach5one" with MS VC++ 17.1 (VS2022)

END.
